[15:23:36] [ServerMain/INFO]: [bootstrap] Running Java 25 (OpenJDK 64-Bit Server VM 25.0.2+10-LTS; Microsoft Microsoft-13053558) on Linux 6.8.0-1044-azure (amd64)
[15:23:36] [ServerMain/INFO]: [bootstrap] Loading Paper 1.21.11-116-main@6f71be8 (2026-02-15T19:11:22Z) for Minecraft 1.21.11
[15:23:37] [ServerMain/INFO]: [PluginInitializerManager] Initializing plugins...
[15:23:37] [ServerMain/INFO]: [PluginInitializerManager] Initialized 0 plugins
[15:23:47] [ServerMain/INFO]: Environment: Environment[sessionHost=https://sessionserver.mojang.com, servicesHost=https://api.minecraftservices.com, profilesHost=https://api.mojang.com, name=PROD]
[15:23:51] [ServerMain/INFO]: Loaded 1470 recipes
[15:23:51] [ServerMain/INFO]: Loaded 1584 advancements
[15:23:51] [ServerMain/INFO]: [ca.spottedleaf.dataconverter.minecraft.datatypes.MCTypeRegistry] Initialising converters for DataConverter...
[15:23:52] [ServerMain/INFO]: [ca.spottedleaf.dataconverter.minecraft.datatypes.MCTypeRegistry] Finished initialising converters for DataConverter in 960.8ms
[15:23:52] [Server thread/INFO]: Starting minecraft server version 1.21.11
[15:23:52] [Server thread/INFO]: Loading properties
[15:23:53] [Server thread/INFO]: This server is running Paper version 1.21.11-116-main@6f71be8 (2026-02-15T19:11:22Z) (Implementing API version 1.21.11-R0.1-SNAPSHOT)
[15:23:53] [Server thread/INFO]: [spark] This server bundles the spark profiler. For more information please visit https://docs.papermc.io/paper/profiling
[15:23:53] [Server thread/INFO]: Server Ping Player Sample Count: 12
[15:23:53] [Server thread/INFO]: Using 4 threads for Netty based IO
[15:23:55] [Server thread/INFO]: [MoonriseCommon] Paper is using 1 worker threads, 1 I/O threads
[15:23:56] [Server thread/INFO]: Default game type: SURVIVAL
[15:23:56] [Server thread/INFO]: Generating keypair
[15:23:56] [Server thread/INFO]: Starting Minecraft server on *:25580
[15:23:56] [Server thread/INFO]: Paper: Using libdeflate (Linux x86_64) compression from Velocity.
[15:23:56] [Server thread/INFO]: Paper: Using OpenSSL 3.x.x (Linux x86_64) cipher from Velocity.
[15:23:56] [Server thread/INFO]: Server permissions file permissions.yml is empty, ignoring it
[15:23:56] [Server thread/WARN]: **** SERVER IS RUNNING IN OFFLINE/INSECURE MODE!
[15:23:56] [Server thread/WARN]: The server will make no attempt to authenticate usernames. Beware.
[15:23:56] [Server thread/WARN]: While this makes the game possible to play without internet access, it also opens up the ability for hackers to connect with any username they choose.
[15:23:56] [Server thread/WARN]: To change this, set "online-mode" to "true" in the server.properties file.
[15:23:56] [Server thread/INFO]: Preparing level "world"
[15:23:56] [Server thread/INFO]: [ca.spottedleaf.moonrise.common.util.MoonriseConstants] NUMA enable flag is not set; however there is NUMA interaction support for this OS.
[15:23:56] [Server thread/INFO]: [ca.spottedleaf.moonrise.common.util.MoonriseConstants] Detected 1 NUMA nodes.
[15:23:57] [Server thread/INFO]: Loading 0 persistent chunks for world 'minecraft:overworld'...
[15:23:57] [Server thread/INFO]: Preparing spawn area: 100%
[15:23:57] [Server thread/INFO]: Prepared spawn area in 4 ms
[15:23:57] [Server thread/INFO]: Loading 0 persistent chunks for world 'minecraft:the_nether'...
[15:23:57] [Server thread/INFO]: Prepared spawn area in 2 ms
[15:23:57] [Server thread/INFO]: Loading 0 persistent chunks for world 'minecraft:the_end'...
[15:23:57] [Server thread/INFO]: Prepared spawn area in 2 ms
[15:23:57] [Server thread/INFO]: Done preparing level "world" (0.922s)
[15:23:57] [Server thread/INFO]: [spark] Starting background profiler...
[15:23:57] [Server thread/INFO]: Running delayed init tasks
[15:23:57] [Server thread/INFO]: Done (22.399s)! For help, type "help"
[15:23:58] [Paper Async Task Handler Thread - 1/WARN]: *** You are running an outdated version of Minecraft, which is 2 release(s) and 16 build(s) behind!
[15:23:58] [Paper Async Task Handler Thread - 1/WARN]: *** Please update to the latest stable version on https://papermc.io/downloads/paper ***
[15:25:34] [Server thread/INFO]: Stopping the server
[15:25:34] [Server thread/INFO]: Stopping server
[15:25:34] [Server thread/INFO]: Saving players
[15:25:34] [Server thread/INFO]: Saving worlds
[15:25:34] [Server thread/INFO]: Saving chunks for level 'ServerLevel[world]'/minecraft:overworld
[15:25:34] [Server thread/INFO]: [ChunkHolderManager] Waiting 60s for chunk system to halt for world 'world'
[15:25:34] [Server thread/INFO]: [ChunkHolderManager] Halted chunk system for world 'world'
[15:25:34] [Server thread/INFO]: [ChunkHolderManager] Saving all chunkholders for world 'world'
[15:25:34] [Server thread/INFO]: [ChunkHolderManager] Saved 0 block chunks, 0 entity chunks, 0 poi chunks in world 'world' in 0.01s
[15:25:34] [Server thread/INFO]: [ChunkHolderManager] Waiting 60s for chunk I/O to halt for world 'world'
[15:25:34] [Server thread/INFO]: [ChunkHolderManager] Halted I/O scheduler for world 'world'
[15:25:34] [Server thread/INFO]: Saving chunks for level 'ServerLevel[world_nether]'/minecraft:the_nether
[15:25:34] [Server thread/INFO]: [ChunkHolderManager] Waiting 60s for chunk system to halt for world 'world_nether'
[15:25:34] [Server thread/INFO]: [ChunkHolderManager] Halted chunk system for world 'world_nether'
[15:25:34] [Server thread/INFO]: [ChunkHolderManager] Saving all chunkholders for world 'world_nether'
[15:25:34] [Server thread/INFO]: [ChunkHolderManager] Saved 0 block chunks, 0 entity chunks, 0 poi chunks in world 'world_nether' in 0.00s
[15:25:34] [Server thread/INFO]: [ChunkHolderManager] Waiting 60s for chunk I/O to halt for world 'world_nether'
[15:25:34] [Server thread/INFO]: [ChunkHolderManager] Halted I/O scheduler for world 'world_nether'
[15:25:34] [Server thread/INFO]: Saving chunks for level 'ServerLevel[world_the_end]'/minecraft:the_end
[15:25:34] [Server thread/INFO]: [ChunkHolderManager] Waiting 60s for chunk system to halt for world 'world_the_end'
[15:25:34] [Server thread/INFO]: [ChunkHolderManager] Halted chunk system for world 'world_the_end'
[15:25:34] [Server thread/INFO]: [ChunkHolderManager] Saving all chunkholders for world 'world_the_end'
[15:25:34] [Server thread/INFO]: [ChunkHolderManager] Saved 0 block chunks, 0 entity chunks, 0 poi chunks in world 'world_the_end' in 0.00s
[15:25:34] [Server thread/INFO]: [ChunkHolderManager] Waiting 60s for chunk I/O to halt for world 'world_the_end'
[15:25:34] [Server thread/INFO]: [ChunkHolderManager] Halted I/O scheduler for world 'world_the_end'
[15:25:34] [Server thread/INFO]: ThreadedAnvilChunkStorage (world): All chunks are saved
[15:25:34] [Server thread/INFO]: ThreadedAnvilChunkStorage (DIM-1): All chunks are saved
[15:25:34] [Server thread/INFO]: ThreadedAnvilChunkStorage (DIM1): All chunks are saved
[15:25:34] [Server thread/INFO]: ThreadedAnvilChunkStorage: All dimensions are saved
[15:25:34] [Server thread/INFO]: Waiting for all RegionFile I/O tasks to complete...
[15:25:34] [Server thread/INFO]: All RegionFile I/O tasks to complete
[15:25:34] [Server thread/INFO]: [MoonriseCommon] Awaiting termination of worker pool for up to 60s...
[15:25:34] [Server thread/INFO]: [MoonriseCommon] Awaiting termination of I/O pool for up to 60s...
